Traceback (most recent call last):
  File "C:\Users\joche\OneDrive\Documenten\GitClones\scrumgameai\game\v2_deep_rl\train_dqn.py", line 5, in <module>
    import matplotlib.pyplot as plt
  File "C:\Users\joche\AppData\Local\Python\pythoncore-3.14-64\Lib\site-packages\matplotlib\__init__.py", line 161, in <module>
    from . import _api, _version, cbook, _docstring, rcsetup
  File "C:\Users\joche\AppData\Local\Python\pythoncore-3.14-64\Lib\site-packages\matplotlib\cbook.py", line 24, in <module>
    import numpy as np
  File "C:\Users\joche\AppData\Local\Python\pythoncore-3.14-64\Lib\site-packages\numpy\__init__.py", line 125, in <module>
    from numpy.__config__ import show_config
  File "C:\Users\joche\AppData\Local\Python\pythoncore-3.14-64\Lib\site-packages\numpy\__config__.py", line 4, in <module>
    from numpy._core._multiarray_umath import (
    ...<3 lines>...
    )
  File "C:\Users\joche\AppData\Local\Python\pythoncore-3.14-64\Lib\site-packages\numpy\_core\__init__.py", line 24, in <module>
    from . import multiarray
  File "C:\Users\joche\AppData\Local\Python\pythoncore-3.14-64\Lib\site-packages\numpy\_core\multiarray.py", line 11, in <module>
    from . import _multiarray_umath, overrides
  File "<frozen importlib._bootstrap>", line 1371, in _find_and_load
  File "<frozen importlib._bootstrap>", line 1342, in _find_and_load_unlocked
  File "<frozen importlib._bootstrap>", line 938, in _load_unlocked
  File "<frozen importlib._bootstrap_external>", line 755, in exec_module
  File "<frozen importlib._bootstrap_external>", line 851, in get_code
  File "<frozen importlib._bootstrap_external>", line 950, in get_data
KeyboardInterrupt
Traceback (most recent call last):
  File "C:\Users\joche\OneDrive\Documenten\GitClones\scrumgameai\game\v2_deep_rl\train_dqn.py", line 5, in <module>
    import matplotlib.pyplot as plt
  File "C:\Users\joche\AppData\Local\Python\pythoncore-3.14-64\Lib\site-packages\matplotlib\__init__.py", line 161, in <module>
    from . import _api, _version, cbook, _docstring, rcsetup
  File "C:\Users\joche\AppData\Local\Python\pythoncore-3.14-64\Lib\site-packages\matplotlib\cbook.py", line 24, in <module>
    import numpy as np
  File "C:\Users\joche\AppData\Local\Python\pythoncore-3.14-64\Lib\site-packages\numpy\__init__.py", line 125, in <module>
    from numpy.__config__ import show_config
  File "C:\Users\joche\AppData\Local\Python\pythoncore-3.14-64\Lib\site-packages\numpy\__config__.py", line 4, in <module>
    from numpy._core._multiarray_umath import (
    ...<3 lines>...
    )
  File "C:\Users\joche\AppData\Local\Python\pythoncore-3.14-64\Lib\site-packages\numpy\_core\__init__.py", line 128, in <module>
    from . import (
    ...<6 lines>...
    )
  File "<frozen importlib._bootstrap>", line 1371, in _find_and_load
  File "<frozen importlib._bootstrap>", line 1342, in _find_and_load_unlocked
  File "<frozen importlib._bootstrap>", line 938, in _load_unlocked
  File "<frozen importlib._bootstrap_external>", line 755, in exec_module
  File "<frozen importlib._bootstrap_external>", line 851, in get_code
  File "<frozen importlib._bootstrap_external>", line 950, in get_data
KeyboardInterrupt
